#
# A fatal error has been detected by the Java Runtime Environment:
#
#  EXCEPTION_ACCESS_VIOLATION (0xc0000005) at pc=0x00007ff8bbaab319, pid=24804, tid=4524
#
# JRE version: OpenJDK Runtime Environment Temurin-21.0.4+7 (21.0.4+7) (build 21.0.4+7-LTS)
# Java VM: OpenJDK 64-Bit Server VM Temurin-21.0.4+7 (21.0.4+7-LTS, mixed mode, sharing, tiered, compressed oops, compressed class ptrs, g1 gc, windows-amd64)
# Problematic frame:
# C  [awt.dll+0xdb319]
#
# No core dump will be written. Minidumps are not enabled by default on client versions of Windows
#
# If you would like to submit a bug report, please visit:
#   https://github.com/adoptium/adoptium-support/issues
# The crash happened outside the Java Virtual Machine in native code.
# See problematic frame for where to report the bug.
#

---------------  S U M M A R Y ------------

Command Line: -ea -agentlib:jdwp=transport=dt_shmem,address=javadebug -Dfile.encoding=UTF-8 bluej.runtime.ExecServer UTF-8

Host: AMD Ryzen 7 7435HS                             , 16 cores, 15G,  Windows 11 , 64 bit Build 26100 (10.0.26100.2454)
Time: Thu Mar  6 19:45:36 2025 Nepal Standard Time elapsed time: 1053.837507 seconds (0d 0h 17m 33s)

---------------  T H R E A D  ---------------

Current thread (0x000002a96d35fc50):  JavaThread "AWT-EventQueue-0"        [_thread_in_native, id=4524, stack(0x000000eb61d00000,0x000000eb61e00000) (1024K)]

Stack: [0x000000eb61d00000,0x000000eb61e00000],  sp=0x000000eb61dfe6d0,  free space=1017k
Native frames: (J=compiled Java code, j=interpreted, Vv=VM code, C=native code)
C  [awt.dll+0xdb319]

Java frames: (J=compiled Java code, j=interpreted, Vv=VM code)
j  sun.awt.Win32GraphicsConfig.getBounds(I)Ljava/awt/Rectangle;+0 java.desktop@21.0.4
j  sun.awt.Win32GraphicsConfig.getBounds()Ljava/awt/Rectangle;+8 java.desktop@21.0.4
j  sun.awt.Win32GraphicsDevice.displayChanged()V+23 java.desktop@21.0.4
j  sun.awt.Win32GraphicsEnvironment.displayChanged()V+271 java.desktop@21.0.4
j  sun.awt.windows.WToolkit.lambda$displayChanged$4()V+15 java.desktop@21.0.4
j  sun.awt.windows.WToolkit$$Lambda+0x000002a90106f7a8.run()V+0 java.desktop@21.0.4
j  java.awt.event.InvocationEvent.dispatch()V+47 java.desktop@21.0.4
j  java.awt.EventQueue.dispatchEventImpl(Ljava/awt/AWTEvent;Ljava/lang/Object;)V+21 java.desktop@21.0.4
j  java.awt.EventQueue$4.run()Ljava/lang/Void;+32 java.desktop@21.0.4
j  java.awt.EventQueue$4.run()Ljava/lang/Object;+1 java.desktop@21.0.4
j  java.security.AccessController.executePrivileged(Ljava/security/PrivilegedAction;Ljava/security/AccessControlContext;Ljava/lang/Class;)Ljava/lang/Object;+29 java.base@21.0.4
j  java.security.AccessController.doPrivileged(Ljava/security/PrivilegedAction;Ljava/security/AccessControlContext;)Ljava/lang/Object;+13 java.base@21.0.4
j  java.security.ProtectionDomain$JavaSecurityAccessImpl.doIntersectionPrivilege(Ljava/security/PrivilegedAction;Ljava/security/AccessControlContext;Ljava/security/AccessControlContext;)Ljava/lang/Object;+18 java.base@21.0.4
j  java.awt.EventQueue.dispatchEvent(Ljava/awt/AWTEvent;)V+46 java.desktop@21.0.4
j  java.awt.EventDispatchThread.pumpOneEventForFilters(I)V+81 java.desktop@21.0.4
j  java.awt.EventDispatchThread.pumpEventsForFilter(ILjava/awt/Conditional;Ljava/awt/EventFilter;)V+35 java.desktop@21.0.4
j  java.awt.EventDispatchThread.pumpEventsForHierarchy(ILjava/awt/Conditional;Ljava/awt/Component;)V+11 java.desktop@21.0.4
j  java.awt.EventDispatchThread.pumpEvents(ILjava/awt/Conditional;)V+4 java.desktop@21.0.4
j  java.awt.EventDispatchThread.pumpEvents(Ljava/awt/Conditional;)V+3 java.desktop@21.0.4
j  java.awt.EventDispatchThread.run()V+9 java.desktop@21.0.4
v  ~StubRoutines::call_stub 0x000002a95c5d100d

siginfo: EXCEPTION_ACCESS_VIOLATION (0xc0000005), reading address 0x0000000000000028


Registers:
RAX=0x0000000000000000, RBX=0x000002a96d1c6650, RCX=0x0000000000000000, RDX=0x0000000000000000
RSP=0x000000eb61dfe6d0, RBP=0x0000000000000000, RSI=0x0000000000000000, RDI=0x0000000000000000
R8 =0x0000000000000001, R9 =0x000000eb61a8e000, R10=0x000002a96d684610, R11=0x000002a96e2539d8
R12=0x0000000000000000, R13=0x000002a96d651e30, R14=0x000002a96d0a2200, R15=0x0000000000000000
RIP=0x00007ff8bbaab319, EFLAGS=0x0000000000010246


Register to memory mapping:

RAX=0x0 is null
RBX=0x000002a96d1c6650 points into unknown readable memory: 0x000002a96d47ccd0 | d0 cc 47 6d a9 02 00 00
RCX=0x0 is null
RDX=0x0 is null
RSP=0x000000eb61dfe6d0 is pointing into the stack for thread: 0x000002a96d35fc50
RBP=0x0 is null
RSI=0x0 is null
RDI=0x0 is null
R8 =0x0000000000000001 is an unknown value
R9 =0x000000eb61a8e000 points into unknown readable memory: 0x0000000000000000 | 00 00 00 00 00 00 00 00
R10=0x000002a96d684610 points into unknown readable memory: 0x0000001e00000003 | 03 00 00 00 1e 00 00 00
R11={method} {0x000002a96e2539e0} '<init>' '(IIII)V' in 'java/awt/Rectangle'
R12=0x0 is null
R13=0x000002a96d651e30 points into unknown readable memory: 0x000002a96e2539d8 | d8 39 25 6e a9 02 00 00
R14=0x000002a96d0a2200 points into unknown readable memory: 0x0000000714074f30 | 30 4f 07 14 07 00 00 00
R15=0x0 is null

Top of Stack: (sp=0x000000eb61dfe6d0)
0x000000eb61dfe6d0:   00007ff8bbb0a848 000002a96d1c6650
0x000000eb61dfe6e0:   000002a96d360008 000002a96d1c6650
0x000000eb61dfe6f0:   000002a96d360008 00007ff8bbaaa6a8
0x000000eb61dfe700:   000002a96d1c6650 000002a96d1c6650
0x000000eb61dfe710:   0000000000000120 000002a96d360008
0x000000eb61dfe720:   0000000714072e60 000002a96e242c58
0x000000eb61dfe730:   0000000000000000 000000eb61dfe750
0x000000eb61dfe740:   0000000000000000 0000000000000000
0x000000eb61dfe750:   0000f8392c1e16ad 0000000714073768
0x000000eb61dfe760:   000002a96d35fc50 000000eb61dfe848
0x000000eb61dfe770:   000002a96e24e688 0000000000000000
0x000000eb61dfe780:   000002a95c5d95b8 0000000000000120
0x000000eb61dfe790:   000000eb61dfe820 000002a95c5e07b6
0x000000eb61dfe7a0:   000000eb61dfe7b8 000002a96e24e688
0x000000eb61dfe7b0:   000002a95c5d91b4 0000000000000000
0x000000eb61dfe7c0:   0000000714073768 00000007140754a8
0x000000eb61dfe7d0:   00000007140754a8 000000eb61dfe7d8
0x000000eb61dfe7e0:   0000000000000000 0000000000000005
0x000000eb61dfe7f0:   000002a96e251aa8 0000000000000000
0x000000eb61dfe800:   0000000714074ba8 000002a96e24e688
0x000000eb61dfe810:   0000000000000000 000000eb61dfe840
0x000000eb61dfe820:   000000eb61dfe898 000002a95c5d96b9
0x000000eb61dfe830:   0000000000000000 000002a95c5dc6fa
0x000000eb61dfe840:   0000000000000000 00000007140754a8
0x000000eb61dfe850:   000000eb61dfe850 000002a96e24e730
0x000000eb61dfe860:   0000000000000002 000002a96e251aa8
0x000000eb61dfe870:   0000000000000000 0000000714074ba8
0x000000eb61dfe880:   000002a96e24e748 000000eb61dfe840
0x000000eb61dfe890:   000000eb61dfe8a8 000000eb61dfe8f8
0x000000eb61dfe8a0:   000002a95c5d96b9 00000007140754a8
0x000000eb61dfe8b0:   000000eb61dfe8b0 000002a96e242aaf
0x000000eb61dfe8c0:   0000000000000003 000002a96e243bc8 

Instructions: (pc=0x00007ff8bbaab319)
0x00007ff8bbaab219:   cc cc cc cc cc cc cc 48 89 5c 24 08 48 89 6c 24
0x00007ff8bbaab229:   10 48 89 74 24 18 57 48 83 ec 20 41 8b f8 0f b6
0x00007ff8bbaab239:   f2 48 8b e9 e8 0e cb f4 ff 48 8b d8 48 89 44 24
0x00007ff8bbaab249:   48 41 b8 01 00 00 00 8b d7 48 8b c8 e8 66 ca f4
0x00007ff8bbaab259:   ff 48 8b c8 44 0f b6 c6 48 8b d5 e8 97 fa ff ff
0x00007ff8bbaab269:   48 8b f8 48 8b cb e8 9c cc f4 ff 90 48 8b c7 48
0x00007ff8bbaab279:   8b 5c 24 30 48 8b 6c 24 38 48 8b 74 24 40 48 83
0x00007ff8bbaab289:   c4 20 5f c3 cc cc cc 48 8b 49 28 e9 37 07 00 00
0x00007ff8bbaab299:   cc cc cc cc cc cc cc 48 89 5c 24 08 57 48 83 ec
0x00007ff8bbaab2a9:   20 8b f9 e8 9f ca f4 ff 48 8b d8 48 89 44 24 38
0x00007ff8bbaab2b9:   41 b8 01 00 00 00 8b d7 48 8b c8 e8 f7 c9 f4 ff
0x00007ff8bbaab2c9:   48 8b 08 8b 39 48 8b cb e8 3a cc f4 ff 90 8b c7
0x00007ff8bbaab2d9:   48 8b 5c 24 30 48 83 c4 20 5f c3 cc cc cc cc cc
0x00007ff8bbaab2e9:   cc cc cc cc cc cc cc 48 89 5c 24 08 57 48 83 ec
0x00007ff8bbaab2f9:   20 8b f9 e8 4f ca f4 ff 48 8b d8 48 89 44 24 38
0x00007ff8bbaab309:   41 b8 01 00 00 00 8b d7 48 8b c8 e8 a7 c9 f4 ff
0x00007ff8bbaab319:   48 8b 78 28 48 8b cb e8 eb cb f4 ff 90 48 8b c7
0x00007ff8bbaab329:   48 8b 5c 24 30 48 83 c4 20 5f c3 cc cc cc cc cc
0x00007ff8bbaab339:   cc cc cc cc cc cc cc 48 89 5c 24 08 57 48 83 ec
0x00007ff8bbaab349:   20 8b f9 e8 ff c9 f4 ff 48 8b d8 48 89 44 24 38
0x00007ff8bbaab359:   41 b8 01 00 00 00 8b d7 48 8b c8 e8 57 c9 f4 ff
0x00007ff8bbaab369:   48 8b 78 30 48 8b cb e8 9b cb f4 ff 90 48 8b c7
0x00007ff8bbaab379:   48 8b 5c 24 30 48 83 c4 20 5f c3 cc cc cc cc cc
0x00007ff8bbaab389:   cc cc cc cc cc cc cc 48 89 5c 24 08 57 48 83 ec
0x00007ff8bbaab399:   20 8b f9 e8 af c9 f4 ff 48 8b d8 48 89 44 24 38
0x00007ff8bbaab3a9:   41 b8 01 00 00 00 8b d7 48 8b c8 e8 07 c9 f4 ff
0x00007ff8bbaab3b9:   48 8b 78 08 48 85 ff 74 07 48 8b bf 08 0c 00 00
0x00007ff8bbaab3c9:   48 8b cb e8 3f cb f4 ff 90 48 8b c7 48 8b 5c 24
0x00007ff8bbaab3d9:   30 48 83 c4 20 5f c3 f3 0f 10 41 48 c3 cc cc cc
0x00007ff8bbaab3e9:   cc cc cc cc cc cc cc f3 0f 10 41 4c c3 cc cc cc
0x00007ff8bbaab3f9:   cc cc cc cc cc cc cc 48 89 5c 24 10 48 89 6c 24
0x00007ff8bbaab409:   18 48 89 74 24 20 57 48 81 ec 20 01 00 00 48 8b 


Stack slot to memory mapping:

stack at sp + 0 slots: 0x00007ff8bbb0a848 awt.dll
stack at sp + 1 slots: 0x000002a96d1c6650 points into unknown readable memory: 0x000002a96d47ccd0 | d0 cc 47 6d a9 02 00 00
stack at sp + 2 slots: 0x000002a96d360008 points into unknown readable memory: 0x00007ff8b56b47b0 | b0 47 6b b5 f8 7f 00 00
stack at sp + 3 slots: 0x000002a96d1c6650 points into unknown readable memory: 0x000002a96d47ccd0 | d0 cc 47 6d a9 02 00 00
stack at sp + 4 slots: 0x000002a96d360008 points into unknown readable memory: 0x00007ff8b56b47b0 | b0 47 6b b5 f8 7f 00 00
stack at sp + 5 slots: 0x00007ff8bbaaa6a8 awt.dll
stack at sp + 6 slots: 0x000002a96d1c6650 points into unknown readable memory: 0x000002a96d47ccd0 | d0 cc 47 6d a9 02 00 00
stack at sp + 7 slots: 0x000002a96d1c6650 points into unknown readable memory: 0x000002a96d47ccd0 | d0 cc 47 6d a9 02 00 00


---------------  P R O C E S S  ---------------

Threads class SMR info:
_java_thread_list=0x000002a96d641b10, length=20, elements={
0x000002a96d0947d0, 0x000002a96d095430, 0x000002a96d09b6c0, 0x000002a96d09c250,
0x000002a96d0a3980, 0x000002a96d0a6dd0, 0x000002a96d0ab250, 0x000002a96d0c24e0,
0x000002a96d2cb2c0, 0x000002a96d2d9d50, 0x000002a96d2de5c0, 0x000002a96d2dec40,
0x000002a96d2e6ed0, 0x000002a96d664370, 0x000002a96d6749f0, 0x000002a96d67bdb0,
0x000002a96d67c420, 0x000002a94afe2730, 0x000002a96d63e460, 0x000002a96d35fc50
}

Java Threads: ( => current thread )
  0x000002a96d0947d0 JavaThread "Reference Handler"          daemon [_thread_blocked, id=23716, stack(0x000000eb62700000,0x000000eb62800000) (1024K)]
  0x000002a96d095430 JavaThread "Finalizer"                  daemon [_thread_blocked, id=10900, stack(0x000000eb62800000,0x000000eb62900000) (1024K)]
  0x000002a96d09b6c0 JavaThread "Signal Dispatcher"          daemon [_thread_blocked, id=5596, stack(0x000000eb62900000,0x000000eb62a00000) (1024K)]
  0x000002a96d09c250 JavaThread "Attach Listener"            daemon [_thread_blocked, id=7152, stack(0x000000eb62a00000,0x000000eb62b00000) (1024K)]
  0x000002a96d0a3980 JavaThread "Service Thread"             daemon [_thread_blocked, id=26932, stack(0x000000eb62b00000,0x000000eb62c00000) (1024K)]
  0x000002a96d0a6dd0 JavaThread "Monitor Deflation Thread"   daemon [_thread_blocked, id=3712, stack(0x000000eb62c00000,0x000000eb62d00000) (1024K)]
  0x000002a96d0ab250 JavaThread "C2 CompilerThread0"         daemon [_thread_blocked, id=27100, stack(0x000000eb62d00000,0x000000eb62e00000) (1024K)]
  0x000002a96d0c24e0 JavaThread "C1 CompilerThread0"         daemon [_thread_blocked, id=24692, stack(0x000000eb62e00000,0x000000eb62f00000) (1024K)]
  0x000002a96d2cb2c0 JavaThread "JDWP Transport Listener: dt_shmem" daemon [_thread_blocked, id=17116, stack(0x000000eb63000000,0x000000eb63100000) (1024K)]
  0x000002a96d2d9d50 JavaThread "JDWP Event Helper Thread"   daemon [_thread_blocked, id=26996, stack(0x000000eb63100000,0x000000eb63200000) (1024K)]
  0x000002a96d2de5c0 JavaThread "JDWP Command Reader"        daemon [_thread_in_native, id=22100, stack(0x000000eb63200000,0x000000eb63300000) (1024K)]
  0x000002a96d2dec40 JavaThread "Notification Thread"        daemon [_thread_blocked, id=26716, stack(0x000000eb63300000,0x000000eb63400000) (1024K)]
  0x000002a96d2e6ed0 JavaThread "Common-Cleaner"             daemon [_thread_blocked, id=12604, stack(0x000000eb63400000,0x000000eb63500000) (1024K)]
  0x000002a96d664370 JavaThread "Java2D Disposer"            daemon [_thread_blocked, id=1948, stack(0x000000eb63600000,0x000000eb63700000) (1024K)]
  0x000002a96d6749f0 JavaThread "AWT-Windows"                daemon [_thread_in_native, id=24608, stack(0x000000eb63800000,0x000000eb63900000) (1024K)]
  0x000002a96d67bdb0 JavaThread "main"                              [_thread_blocked, id=24524, stack(0x000000eb63900000,0x000000eb63a00000) (1024K)]
  0x000002a96d67c420 JavaThread "BlueJ worker thread"               [_thread_blocked, id=7404, stack(0x000000eb63a00000,0x000000eb63b00000) (1024K)]
  0x000002a94afe2730 JavaThread "DestroyJavaVM"                     [_thread_blocked, id=22280, stack(0x000000eb61f00000,0x000000eb62000000) (1024K)]
  0x000002a96d63e460 JavaThread "AWT-Shutdown"                      [_thread_blocked, id=25908, stack(0x000000eb61c00000,0x000000eb61d00000) (1024K)]
=>0x000002a96d35fc50 JavaThread "AWT-EventQueue-0"                  [_thread_in_native, id=4524, stack(0x000000eb61d00000,0x000000eb61e00000) (1024K)]
Total: 20

Other Threads:
  0x000002a96c3957f0 VMThread "VM Thread"                           [id=4208, stack(0x000000eb62600000,0x000000eb62700000) (1024K)]
  0x000002a96c37d760 WatcherThread "VM Periodic Task Thread"        [id=13712, stack(0x000000eb62500000,0x000000eb62600000) (1024K)]
  0x000002a94ca95570 WorkerThread "GC Thread#0"                     [id=844, stack(0x000000eb62000000,0x000000eb62100000) (1024K)]
  0x000002a94cae7020 ConcurrentGCThread "G1 Main Marker"            [id=18480, stack(0x000000eb62100000,0x000000eb62200000) (1024K)]
  0x000002a94cae81d0 WorkerThread "G1 Conc#0"                       [id=13416, stack(0x000000eb62200000,0x000000eb62300000) (1024K)]
  0x000002a96c24b9b0 ConcurrentGCThread "G1 Refine#0"               [id=15736, stack(0x000000eb62300000,0x000000eb62400000) (1024K)]
  0x000002a96c24d2e0 ConcurrentGCThread "G1 Service"                [id=2020, stack(0x000000eb62400000,0x000000eb62500000) (1024K)]
Total: 7

Threads with active compile tasks:
Total: 0

VM state: not at safepoint (normal execution)

VM Mutex/Monitor currently owned by a thread: None

Heap address: 0x0000000704e00000, size: 4018 MB, Compressed Oops mode: Zero based, Oop shift amount: 3

CDS archive(s) mapped at: [0x000002a900000000-0x000002a900c90000-0x000002a900c90000), size 13172736, SharedBaseAddress: 0x000002a900000000, ArchiveRelocationMode: 1.
Compressed class space mapped at: 0x000002a901000000-0x000002a941000000, reserved size: 1073741824
Narrow klass base: 0x000002a900000000, Narrow klass shift: 0, Narrow klass range: 0x100000000

GC Precious Log:
 CardTable entry size: 512
 Card Set container configuration: InlinePtr #cards 4 size 8 Array Of Cards #cards 16 size 48 Howl #buckets 8 coarsen threshold 3686 Howl Bitmap #cards 512 size 80 coarsen threshold 460 Card regions per heap region 1 cards per card region 4096
 CPUs: 16 total, 16 available
 Memory: 16068M
 Large Page Support: Disabled
 NUMA Support: Disabled
 Compressed Oops: Enabled (Zero based)
 Heap Region Size: 2M
 Heap Min Capacity: 8M
 Heap Initial Capacity: 252M
 Heap Max Capacity: 4018M
 Pre-touch: Disabled
 Parallel Workers: 13
 Concurrent Workers: 3
 Concurrent Refinement Workers: 13
 Periodic GC: Disabled

Heap:
 garbage-first heap   total 258048K, used 8192K [0x0000000704e00000, 0x0000000800000000)
  region size 2048K, 5 young (10240K), 0 survivors (0K)
 Metaspace       used 2765K, committed 2880K, reserved 1114112K
  class space    used 255K, committed 320K, reserved 1048576K

Heap Regions: E=young(eden), S=young(survivor), O=old, HS=humongous(starts), HC=humongous(continues), CS=collection set, F=free, TAMS=top-at-mark-start, PB=parsable bottom
|   0|0x0000000704e00000, 0x0000000704e00000, 0x0000000705000000|  0%| F|  |TAMS 0x0000000704e00000| PB 0x0000000704e00000| Untracked 
|   1|0x0000000705000000, 0x0000000705000000, 0x0000000705200000|  0%| F|  |TAMS 0x0000000705000000| PB 0x0000000705000000| Untracked 
|   2|0x0000000705200000, 0x0000000705200000, 0x0000000705400000|  0%| F|  |TAMS 0x0000000705200000| PB 0x0000000705200000| Untracked 
|   3|0x0000000705400000, 0x0000000705400000, 0x0000000705600000|  0%| F|  |TAMS 0x0000000705400000| PB 0x0000000705400000| Untracked 
|   4|0x0000000705600000, 0x0000000705600000, 0x0000000705800000|  0%| F|  |TAMS 0x0000000705600000| PB 0x0000000705600000| Untracked 
|   5|0x0000000705800000, 0x0000000705800000, 0x0000000705a00000|  0%| F|  |TAMS 0x0000000705800000| PB 0x0000000705800000| Untracked 
|   6|0x0000000705a00000, 0x0000000705a00000, 0x0000000705c00000|  0%| F|  |TAMS 0x0000000705a00000| PB 0x0000000705a00000| Untracked 
|   7|0x0000000705c00000, 0x0000000705c00000, 0x0000000705e00000|  0%| F|  |TAMS 0x0000000705c00000| PB 0x0000000705c00000| Untracked 
|   8|0x0000000705e00000, 0x0000000705e00000, 0x0000000706000000|  0%| F|  |TAMS 0x0000000705e00000| PB 0x0000000705e00000| Untracked 
|   9|0x0000000706000000, 0x0000000706000000, 0x0000000706200000|  0%| F|  |TAMS 0x0000000706000000| PB 0x0000000706000000| Untracked 
|  10|0x0000000706200000, 0x0000000706200000, 0x0000000706400000|  0%| F|  |TAMS 0x0000000706200000| PB 0x0000000706200000| Untracked 
|  11|0x0000000706400000, 0x0000000706400000, 0x0000000706600000|  0%| F|  |TAMS 0x0000000706400000| PB 0x0000000706400000| Untracked 
|  12|0x0000000706600000, 0x0000000706600000, 0x0000000706800000|  0%| F|  |TAMS 0x0000000706600000| PB 0x0000000706600000| Untracked 
|  13|0x0000000706800000, 0x0000000706800000, 0x0000000706a00000|  0%| F|  |TAMS 0x0000000706800000| PB 0x0000000706800000| Untracked 
|  14|0x0000000706a00000, 0x0000000706a00000, 0x0000000706c00000|  0%| F|  |TAMS 0x0000000706a00000| PB 0x0000000706a00000| Untracked 
|  15|0x0000000706c00000, 0x0000000706c00000, 0x0000000706e00000|  0%| F|  |TAMS 0x0000000706c00000| PB 0x0000000706c00000| Untracked 
|  16|0x0000000706e00000, 0x0000000706e00000, 0x0000000707000000|  0%| F|  |TAMS 0x0000000706e00000| PB 0x0000000706e00000| Untracked 
|  17|0x0000000707000000, 0x0000000707000000, 0x0000000707200000|  0%| F|  |TAMS 0x0000000707000000| PB 0x0000000707000000| Untracked 
|  18|0x0000000707200000, 0x0000000707200000, 0x0000000707400000|  0%| F|  |TAMS 0x0000000707200000| PB 0x0000000707200000| Untracked 
|  19|0x0000000707400000, 0x0000000707400000, 0x0000000707600000|  0%| F|  |TAMS 0x0000000707400000| PB 0x0000000707400000| Untracked 
|  20|0x0000000707600000, 0x0000000707600000, 0x0000000707800000|  0%| F|  |TAMS 0x0000000707600000| PB 0x0000000707600000| Untracked 
|  21|0x0000000707800000, 0x0000000707800000, 0x0000000707a00000|  0%| F|  |TAMS 0x0000000707800000| PB 0x0000000707800000| Untracked 
|  22|0x0000000707a00000, 0x0000000707a00000, 0x0000000707c00000|  0%| F|  |TAMS 0x0000000707a00000| PB 0x0000000707a00000| Untracked 
|  23|0x0000000707c00000, 0x0000000707c00000, 0x0000000707e00000|  0%| F|  |TAMS 0x0000000707c00000| PB 0x0000000707c00000| Untracked 
|  24|0x0000000707e00000, 0x0000000707e00000, 0x0000000708000000|  0%| F|  |TAMS 0x0000000707e00000| PB 0x0000000707e00000| Untracked 
|  25|0x0000000708000000, 0x0000000708000000, 0x0000000708200000|  0%| F|  |TAMS 0x0000000708000000| PB 0x0000000708000000| Untracked 
|  26|0x0000000708200000, 0x0000000708200000, 0x0000000708400000|  0%| F|  |TAMS 0x0000000708200000| PB 0x0000000708200000| Untracked 
|  27|0x0000000708400000, 0x0000000708400000, 0x0000000708600000|  0%| F|  |TAMS 0x0000000708400000| PB 0x0000000708400000| Untracked 
|  28|0x0000000708600000, 0x0000000708600000, 0x0000000708800000|  0%| F|  |TAMS 0x0000000708600000| PB 0x0000000708600000| Untracked 
|  29|0x0000000708800000, 0x0000000708800000, 0x0000000708a00000|  0%| F|  |TAMS 0x0000000708800000| PB 0x0000000708800000| Untracked 
|  30|0x0000000708a00000, 0x0000000708a00000, 0x0000000708c00000|  0%| F|  |TAMS 0x0000000708a00000| PB 0x0000000708a00000| Untracked 
|  31|0x0000000708c00000, 0x0000000708c00000, 0x0000000708e00000|  0%| F|  |TAMS 0x0000000708c00000| PB 0x0000000708c00000| Untracked 
|  32|0x0000000708e00000, 0x0000000708e00000, 0x0000000709000000|  0%| F|  |TAMS 0x0000000708e00000| PB 0x0000000708e00000| Untracked 
|  33|0x0000000709000000, 0x0000000709000000, 0x0000000709200000|  0%| F|  |TAMS 0x0000000709000000| PB 0x0000000709000000| Untracked 
|  34|0x0000000709200000, 0x0000000709200000, 0x0000000709400000|  0%| F|  |TAMS 0x0000000709200000| PB 0x0000000709200000| Untracked 
|  35|0x0000000709400000, 0x0000000709400000, 0x0000000709600000|  0%| F|  |TAMS 0x0000000709400000| PB 0x0000000709400000| Untracked 
|  36|0x0000000709600000, 0x0000000709600000, 0x0000000709800000|  0%| F|  |TAMS 0x0000000709600000| PB 0x0000000709600000| Untracked 
|  37|0x0000000709800000, 0x0000000709800000, 0x0000000709a00000|  0%| F|  |TAMS 0x0000000709800000| PB 0x0000000709800000| Untracked 
|  38|0x0000000709a00000, 0x0000000709a00000, 0x0000000709c00000|  0%| F|  |TAMS 0x0000000709a00000| PB 0x0000000709a00000| Untracked 
|  39|0x0000000709c00000, 0x0000000709c00000, 0x0000000709e00000|  0%| F|  |TAMS 0x0000000709c00000| PB 0x0000000709c00000| Untracked 
|  40|0x0000000709e00000, 0x0000000709e00000, 0x000000070a000000|  0%| F|  |TAMS 0x0000000709e00000| PB 0x0000000709e00000| Untracked 
|  41|0x000000070a000000, 0x000000070a000000, 0x000000070a200000|  0%| F|  |TAMS 0x000000070a000000| PB 0x000000070a000000| Untracked 
|  42|0x000000070a200000, 0x000000070a200000, 0x000000070a400000|  0%| F|  |TAMS 0x000000070a200000| PB 0x000000070a200000| Untracked 
|  43|0x000000070a400000, 0x000000070a400000, 0x000000070a600000|  0%| F|  |TAMS 0x000000070a400000| PB 0x000000070a400000| Untracked 
|  44|0x000000070a600000, 0x000000070a600000, 0x000000070a800000|  0%| F|  |TAMS 0x000000070a600000| PB 0x000000070a600000| Untracked 
|  45|0x000000070a800000, 0x000000070a800000, 0x000000070aa00000|  0%| F|  |TAMS 0x000000070a800000| PB 0x000000070a800000| Untracked 
|  46|0x000000070aa00000, 0x000000070aa00000, 0x000000070ac00000|  0%| F|  |TAMS 0x000000070aa00000| PB 0x000000070aa00000| Untracked 
|  47|0x000000070ac00000, 0x000000070ac00000, 0x000000070ae00000|  0%| F|  |TAMS 0x000000070ac00000| PB 0x000000070ac00000| Untracked 
|  48|0x000000070ae00000, 0x000000070ae00000, 0x000000070b000000|  0%| F|  |TAMS 0x000000070ae00000| PB 0x000000070ae00000| Untracked 
|  49|0x000000070b000000, 0x000000070b000000, 0x000000070b200000|  0%| F|  |TAMS 0x000000070b000000| PB 0x000000070b000000| Untracked 
|  50|0x000000070b200000, 0x000000070b200000, 0x000000070b400000|  0%| F|  |TAMS 0x000000070b200000| PB 0x000000070b200000| Untracked 
|  51|0x000000070b400000, 0x000000070b400000, 0x000000070b600000|  0%| F|  |TAMS 0x000000070b400000| PB 0x000000070b400000| Untracked 
|  52|0x000000070b600000, 0x000000070b600000, 0x000000070b800000|  0%| F|  |TAMS 0x000000070b600000| PB 0x000000070b600000| Untracked 
|  53|0x000000070b800000, 0x000000070b800000, 0x000000070ba00000|  0%| F|  |TAMS 0x000000070b800000| PB 0x000000070b800000| Untracked 
|  54|0x000000070ba00000, 0x000000070ba00000, 0x000000070bc00000|  0%| F|  |TAMS 0x000000070ba00000| PB 0x000000070ba00000| Untracked 
|  55|0x000000070bc00000, 0x000000070bc00000, 0x000000070be00000|  0%| F|  |TAMS 0x000000070bc00000| PB 0x000000070bc00000| Untracked 
|  56|0x000000070be00000, 0x000000070be00000, 0x000000070c000000|  0%| F|  |TAMS 0x000000070be00000| PB 0x000000070be00000| Untracked 
|  57|0x000000070c000000, 0x000000070c000000, 0x000000070c200000|  0%| F|  |TAMS 0x000000070c000000| PB 0x000000070c000000| Untracked 
|  58|0x000000070c200000, 0x000000070c200000, 0x000000070c400000|  0%| F|  |TAMS 0x000000070c200000| PB 0x000000070c200000| Untracked 
|  59|0x000000070c400000, 0x000000070c400000, 0x000000070c600000|  0%| F|  |TAMS 0x000000070c400000| PB 0x000000070c400000| Untracked 
|  60|0x000000070c600000, 0x000000070c600000, 0x000000070c800000|  0%| F|  |TAMS 0x000000070c600000| PB 0x000000070c600000| Untracked 
|  61|0x000000070c800000, 0x000000070c800000, 0x000000070ca00000|  0%| F|  |TAMS 0x000000070c800000| PB 0x000000070c800000| Untracked 
|  62|0x000000070ca00000, 0x000000070ca00000, 0x000000070cc00000|  0%| F|  |TAMS 0x000000070ca00000| PB 0x000000070ca00000| Untracked 
|  63|0x000000070cc00000, 0x000000070cc00000, 0x000000070ce00000|  0%| F|  |TAMS 0x000000070cc00000| PB 0x000000070cc00000| Untracked 
|  64|0x000000070ce00000, 0x000000070ce00000, 0x000000070d000000|  0%| F|  |TAMS 0x000000070ce00000| PB 0x000000070ce00000| Untracked 
|  65|0x000000070d000000, 0x000000070d000000, 0x000000070d200000|  0%| F|  |TAMS 0x000000070d000000| PB 0x000000070d000000| Untracked 
|  66|0x000000070d200000, 0x000000070d200000, 0x000000070d400000|  0%| F|  |TAMS 0x000000070d200000| PB 0x000000070d200000| Untracked 
|  67|0x000000070d400000, 0x000000070d400000, 0x000000070d600000|  0%| F|  |TAMS 0x000000070d400000| PB 0x000000070d400000| Untracked 
|  68|0x000000070d600000, 0x000000070d600000, 0x000000070d800000|  0%| F|  |TAMS 0x000000070d600000| PB 0x000000070d600000| Untracked 
|  69|0x000000070d800000, 0x000000070d800000, 0x000000070da00000|  0%| F|  |TAMS 0x000000070d800000| PB 0x000000070d800000| Untracked 
|  70|0x000000070da00000, 0x000000070da00000, 0x000000070dc00000|  0%| F|  |TAMS 0x000000070da00000| PB 0x000000070da00000| Untracked 
|  71|0x000000070dc00000, 0x000000070dc00000, 0x000000070de00000|  0%| F|  |TAMS 0x000000070dc00000| PB 0x000000070dc00000| Untracked 
|  72|0x000000070de00000, 0x000000070de00000, 0x000000070e000000|  0%| F|  |TAMS 0x000000070de00000| PB 0x000000070de00000| Untracked 
|  73|0x000000070e000000, 0x000000070e000000, 0x000000070e200000|  0%| F|  |TAMS 0x000000070e000000| PB 0x000000070e000000| Untracked 
|  74|0x000000070e200000, 0x000000070e200000, 0x000000070e400000|  0%| F|  |TAMS 0x000000070e200000| PB 0x000000070e200000| Untracked 
|  75|0x000000070e400000, 0x000000070e400000, 0x000000070e600000|  0%| F|  |TAMS 0x000000070e400000| PB 0x000000070e400000| Untracked 
|  76|0x000000070e600000, 0x000000070e600000, 0x000000070e800000|  0%| F|  |TAMS 0x000000070e600000| PB 0x000000070e600000| Untracked 
|  77|0x000000070e800000, 0x000000070e800000, 0x000000070ea00000|  0%| F|  |TAMS 0x000000070e800000| PB 0x000000070e800000| Untracked 
|  78|0x000000070ea00000, 0x000000070ea00000, 0x000000070ec00000|  0%| F|  |TAMS 0x000000070ea00000| PB 0x000000070ea00000| Untracked 
|  79|0x000000070ec00000, 0x000000070ec00000, 0x000000070ee00000|  0%| F|  |TAMS 0x000000070ec00000| PB 0x000000070ec00000| Untracked 
|  80|0x000000070ee00000, 0x000000070ee00000, 0x000000070f000000|  0%| F|  |TAMS 0x000000070ee00000| PB 0x000000070ee00000| Untracked 
|  81|0x000000070f000000, 0x000000070f000000, 0x000000070f200000|  0%| F|  |TAMS 0x000000070f000000| PB 0x000000070f000000| Untracked 
|  82|0x000000070f200000, 0x000000070f200000, 0x000000070f400000|  0%| F|  |TAMS 0x000000070f200000| PB 0x000000070f200000| Untracked 
|  83|0x000000070f400000, 0x000000070f400000, 0x000000070f600000|  0%| F|  |TAMS 0x000000070f400000| PB 0x000000070f400000| Untracked 
|  84|0x000000070f600000, 0x000000070f600000, 0x000000070f800000|  0%| F|  |TAMS 0x000000070f600000| PB 0x000000070f600000| Untracked 
|  85|0x000000070f800000, 0x000000070f800000, 0x000000070fa00000|  0%| F|  |TAMS 0x000000070f800000| PB 0x000000070f800000| Untracked 
|  86|0x000000070fa00000, 0x000000070fa00000, 0x000000070fc00000|  0%| F|  |TAMS 0x000000070fa00000| PB 0x000000070fa00000| Untracked 
|  87|0x000000070fc00000, 0x000000070fc00000, 0x000000070fe00000|  0%| F|  |TAMS 0x000000070fc00000| PB 0x000000070fc00000| Untracked 
|  88|0x000000070fe00000, 0x000000070fe00000, 0x0000000710000000|  0%| F|  |TAMS 0x000000070fe00000| PB 0x000000070fe00000| Untracked 
|  89|0x0000000710000000, 0x0000000710000000, 0x0000000710200000|  0%| F|  |TAMS 0x0000000710000000| PB 0x0000000710000000| Untracked 
|  90|0x0000000710200000, 0x0000000710200000, 0x0000000710400000|  0%| F|  |TAMS 0x0000000710200000| PB 0x0000000710200000| Untracked 
|  91|0x0000000710400000, 0x0000000710400000, 0x0000000710600000|  0%| F|  |TAMS 0x0000000710400000| PB 0x0000000710400000| Untracked 
|  92|0x0000000710600000, 0x0000000710600000, 0x0000000710800000|  0%| F|  |TAMS 0x0000000710600000| PB 0x0000000710600000| Untracked 
|  93|0x0000000710800000, 0x0000000710800000, 0x0000000710a00000|  0%| F|  |TAMS 0x0000000710800000| PB 0x0000000710800000| Untracked 
|  94|0x0000000710a00000, 0x0000000710a00000, 0x0000000710c00000|  0%| F|  |TAMS 0x0000000710a00000| PB 0x0000000710a00000| Untracked 
|  95|0x0000000710c00000, 0x0000000710c00000, 0x0000000710e00000|  0%| F|  |TAMS 0x0000000710c00000| PB 0x0000000710c00000| Untracked 
|  96|0x0000000710e00000, 0x0000000710e00000, 0x0000000711000000|  0%| F|  |TAMS 0x0000000710e00000| PB 0x0000000710e00000| Untracked 
|  97|0x0000000711000000, 0x0000000711000000, 0x0000000711200000|  0%| F|  |TAMS 0x0000000711000000| PB 0x0000000711000000| Untracked 
|  98|0x0000000711200000, 0x0000000711200000, 0x0000000711400000|  0%| F|  |TAMS 0x0000000711200000| PB 0x0000000711200000| Untracked 
|  99|0x0000000711400000, 0x0000000711400000, 0x0000000711600000|  0%| F|  |TAMS 0x0000000711400000| PB 0x0000000711400000| Untracked 
| 100|0x0000000711600000, 0x0000000711600000, 0x0000000711800000|  0%| F|  |TAMS 0x0000000711600000| PB 0x0000000711600000| Untracked 
| 101|0x0000000711800000, 0x0000000711800000, 0x0000000711a00000|  0%| F|  |TAMS 0x0000000711800000| PB 0x0000000711800000| Untracked 
| 102|0x0000000711a00000, 0x0000000711a00000, 0x0000000711c00000|  0%| F|  |TAMS 0x0000000711a00000| PB 0x0000000711a00000| Untracked 
| 103|0x0000000711c00000, 0x0000000711c00000, 0x0000000711e00000|  0%| F|  |TAMS 0x0000000711c00000| PB 0x0000000711c00000| Untracked 
| 104|0x0000000711e00000, 0x0000000711e00000, 0x0000000712000000|  0%| F|  |TAMS 0x0000000711e00000| PB 0x0000000711e00000| Untracked 
| 105|0x0000000712000000, 0x0000000712000000, 0x0000000712200000|  0%| F|  |TAMS 0x0000000712000000| PB 0x0000000712000000| Untracked 
| 106|0x0000000712200000, 0x0000000712200000, 0x0000000712400000|  0%| F|  |TAMS 0x0000000712200000| PB 0x0000000712200000| Untracked 
| 107|0x0000000712400000, 0x0000000712400000, 0x0000000712600000|  0%| F|  |TAMS 0x0000000712400000| PB 0x0000000712400000| Untracked 
| 108|0x0000000712600000, 0x0000000712600000, 0x0000000712800000|  0%| F|  |TAMS 0x0000000712600000| PB 0x0000000712600000| Untracked 
| 109|0x0000000712800000, 0x0000000712800000, 0x0000000712a00000|  0%| F|  |TAMS 0x0000000712800000| PB 0x0000000712800000| Untracked 
| 110|0x0000000712a00000, 0x0000000712a00000, 0x0000000712c00000|  0%| F|  |TAMS 0x0000000712a00000| PB 0x0000000712a00000| Untracked 
| 111|0x0000000712c00000, 0x0000000712c00000, 0x0000000712e00000|  0%| F|  |TAMS 0x0000000712c00000| PB 0x0000000712c00000| Untracked 
| 112|0x0000000712e00000, 0x0000000712e00000, 0x0000000713000000|  0%| F|  |TAMS 0x0000000712e00000| PB 0x0000000712e00000| Untracked 
| 113|0x0000000713000000, 0x0000000713000000, 0x0000000713200000|  0%| F|  |TAMS 0x0000000713000000| PB 0x0000000713000000| Untracked 
| 114|0x0000000713200000, 0x0000000713200000, 0x0000000713400000|  0%| F|  |TAMS 0x0000000713200000| PB 0x0000000713200000| Untracked 
| 115|0x0000000713400000, 0x0000000713400000, 0x0000000713600000|  0%| F|  |TAMS 0x0000000713400000| PB 0x0000000713400000| Untracked 
| 116|0x0000000713600000, 0x0000000713600000, 0x0000000713800000|  0%| F|  |TAMS 0x0000000713600000| PB 0x0000000713600000| Untracked 
| 117|0x0000000713800000, 0x0000000713800000, 0x0000000713a00000|  0%| F|  |TAMS 0x0000000713800000| PB 0x0000000713800000| Untracked 
| 118|0x0000000713a00000, 0x0000000713a00000, 0x0000000713c00000|  0%| F|  |TAMS 0x0000000713a00000| PB 0x0000000713a00000| Untracked 
| 119|0x0000000713c00000, 0x0000000713c00000, 0x0000000713e00000|  0%| F|  |TAMS 0x0000000713c00000| PB 0x0000000713c00000| Untracked 
| 120|0x0000000713e00000, 0x0000000713e00000, 0x0000000714000000|  0%| F|  |TAMS 0x0000000713e00000| PB 0x0000000713e00000| Untracked 
| 121|0x0000000714000000, 0x00000007140e1cf0, 0x0000000714200000| 44%| E|  |TAMS 0x0000000714000000| PB 0x0000000714000000| Complete 
| 122|0x0000000714200000, 0x0000000714400000, 0x0000000714400000|100%| E|CS|TAMS 0x0000000714200000| PB 0x0000000714200000| Complete 
| 123|0x0000000714400000, 0x0000000714600000, 0x0000000714600000|100%| E|CS|TAMS 0x0000000714400000| PB 0x0000000714400000| Complete 
| 124|0x0000000714600000, 0x0000000714800000, 0x0000000714800000|100%| E|CS|TAMS 0x0000000714600000| PB 0x0000000714600000| Complete 
| 125|0x0000000714800000, 0x0000000714a00000, 0x0000000714a00000|100%| E|CS|TAMS 0x0000000714800000| PB 0x0000000714800000| Complete 

Card table byte_map: [0x000002a965910000,0x000002a9660f0000] _byte_map_base: 0x000002a9620e9000

Marking Bits: (CMBitMap*) 0x000002a94ca96b90
 Bits: [0x000002a9660f0000, 0x000002a969fb8000)

Polling page: 0x000002a94b180000

Metaspace:

Usage:
  Non-class:      2.45 MB used.
      Class:    255.52 KB used.
       Both:      2.70 MB used.

Virtual space:
  Non-class space:       64.00 MB reserved,       2.50 MB (  4%) committed,  1 nodes.
      Class space:        1.00 GB reserved,     320.00 KB ( <1%) committed,  1 nodes.
             Both:        1.06 GB reserved,       2.81 MB ( <1%) committed. 

Chunk freelists:
   Non-Class:  11.88 MB
       Class:  15.70 MB
        Both:  27.58 MB

MaxMetaspaceSize: unlimited
CompressedClassSpaceSize: 1.00 GB
Initial GC threshold: 21.00 MB
Current GC threshold: 21.00 MB
CDS: on
 - commit_granule_bytes: 65536.
 - commit_granule_words: 8192.
 - virtual_space_node_default_size: 8388608.
 - enlarge_chunks_in_place: 1.
 - use_allocation_guard: 0.


Internal statistics:

num_allocs_failed_limit: 0.
num_arena_births: 90.
num_arena_deaths: 0.
num_vsnodes_births: 2.
num_vsnodes_deaths: 0.
num_space_committed: 45.
num_space_uncommitted: 0.
num_chunks_returned_to_freelist: 0.
num_chunks_taken_from_freelist: 107.
num_chunk_merges: 0.
num_chunk_splits: 69.
num_chunks_enlarged: 32.
num_inconsistent_stats: 0.

CodeHeap 'non-profiled nmethods': size=119168Kb used=134Kb max_used=134Kb free=119033Kb
 bounds [0x000002a95cd20000, 0x000002a95cf90000, 0x000002a964180000]
CodeHeap 'profiled nmethods': size=119104Kb used=615Kb max_used=615Kb free=118489Kb
 bounds [0x000002a955180000, 0x000002a9553f0000, 0x000002a95c5d0000]
CodeHeap 'non-nmethods': size=7488Kb used=1449Kb max_used=2017Kb free=6038Kb
 bounds [0x000002a95c5d0000, 0x000002a95c840000, 0x000002a95cd20000]
 total_blobs=904 nmethods=420 adapters=389
 compilation: enabled
              stopped_count=0, restarted_count=0
 full_count=0

Compilation events (20 events):
Event: 0.643 Thread 0x000002a96d16af10  410       3       java.lang.String::startsWith (123 bytes)
Event: 0.643 Thread 0x000002a96d0c24e0  411       3       java.lang.CharacterData::of (136 bytes)
Event: 0.643 Thread 0x000002a96d0c24e0 nmethod 411 0x000002a955214210 code [0x000002a955214460, 0x000002a955214de0]
Event: 0.643 Thread 0x000002a96d0c24e0  412       3       java.lang.String::startsWith (7 bytes)
Event: 0.643 Thread 0x000002a96d0c24e0 nmethod 412 0x000002a955215010 code [0x000002a9552151c0, 0x000002a955215318]
Event: 0.643 Thread 0x000002a96d16af10 nmethod 410 0x000002a955215410 code [0x000002a955215640, 0x000002a955215e18]
Event: 0.643 Thread 0x000002a96d0c24e0  413       3       java.util.ArrayList::add (25 bytes)
Event: 0.643 Thread 0x000002a96d16af10  414       3       java.util.ArrayList::add (23 bytes)
Event: 0.643 Thread 0x000002a96d16af10 nmethod 414 0x000002a955216090 code [0x000002a955216260, 0x000002a955216618]
Event: 0.643 Thread 0x000002a96d0c24e0 nmethod 413 0x000002a955216790 code [0x000002a955216960, 0x000002a955216d98]
Event: 1053.123 Thread 0x000002a96d0c24e0  416       3       java.lang.invoke.MethodHandle::<init> (37 bytes)
Event: 1053.123 Thread 0x000002a96d0c24e0 nmethod 416 0x000002a955216f90 code [0x000002a9552171a0, 0x000002a955217750]
Event: 1053.123 Thread 0x000002a96d0c24e0  418       3       java.util.concurrent.ConcurrentHashMap$Traverser::advance (188 bytes)
Event: 1053.124 Thread 0x000002a96d0c24e0 nmethod 418 0x000002a955217a10 code [0x000002a955217c60, 0x000002a955218840]
Event: 1053.124 Thread 0x000002a96d0c24e0  417       3       java.lang.invoke.LambdaForm::prepare (108 bytes)
Event: 1053.124 Thread 0x000002a96d0c24e0 nmethod 417 0x000002a955218b10 code [0x000002a955218d60, 0x000002a9552195a0]
Event: 1053.740 Thread 0x000002a96d0c24e0  419       3       java.util.HashMap::isEmpty (13 bytes)
Event: 1053.740 Thread 0x000002a96d0c24e0 nmethod 419 0x000002a955219890 code [0x000002a955219a20, 0x000002a955219b88]
Event: 1053.824 Thread 0x000002a96d0c24e0  420       1       java.util.concurrent.locks.AbstractOwnableSynchronizer::setExclusiveOwnerThread (6 bytes)
Event: 1053.824 Thread 0x000002a96d0c24e0 nmethod 420 0x000002a95cd41590 code [0x000002a95cd41720, 0x000002a95cd41838]

GC Heap History (0 events):
No events

Dll operation events (7 events):
Event: 0.016 Loaded shared library C:\Program Files\BlueJ\jdk\bin\java.dll
Event: 0.044 Loaded shared library C:\Program Files\BlueJ\jdk\bin\jsvml.dll
Event: 0.437 Loaded shared library C:\Program Files\BlueJ\jdk\bin\net.dll
Event: 0.439 Loaded shared library C:\Program Files\BlueJ\jdk\bin\nio.dll
Event: 0.456 Loaded shared library C:\Program Files\BlueJ\jdk\bin\zip.dll
Event: 0.506 Loaded shared library C:\Program Files\BlueJ\jdk\bin\jimage.dll
Event: 0.520 Loaded shared library C:\Program Files\BlueJ\jdk\bin\awt.dll

Deoptimization events (4 events):
Event: 0.544 Thread 0x000002a94afe2730 Uncommon trap: trap_request=0xffffff45 fr.pc=0x000002a95cd288ec relative=0x00000000000008cc
Event: 0.544 Thread 0x000002a94afe2730 Uncommon trap: reason=unstable_if action=reinterpret pc=0x000002a95cd288ec method=java.util.zip.ZipFile$Source.checkAndAddEntry(II)I @ 50 c2
Event: 0.544 Thread 0x000002a94afe2730 DEOPT PACKING pc=0x000002a95cd288ec sp=0x000000eb61ffcd10
Event: 0.544 Thread 0x000002a94afe2730 DEOPT UNPACKING pc=0x000002a95c6246a2 sp=0x000000eb61ffcca0 mode 2

Classes loaded (20 events):
Event: 1053.122 Loading class sun/java2d/d3d/D3DContext$D3DContextCaps
Event: 1053.122 Loading class sun/java2d/pipe/hw/ContextCapabilities
Event: 1053.122 Loading class sun/java2d/pipe/hw/ContextCapabilities done
Event: 1053.122 Loading class sun/java2d/d3d/D3DContext$D3DContextCaps done
Event: 1053.123 Loading class sun/awt/Win32GraphicsConfig
Event: 1053.124 Loading class sun/awt/image/SurfaceManager$ProxiedGraphicsConfig
Event: 1053.124 Loading class sun/awt/image/SurfaceManager$ProxiedGraphicsConfig done
Event: 1053.124 Loading class java/awt/GraphicsConfiguration
Event: 1053.124 Loading class java/awt/GraphicsConfiguration done
Event: 1053.124 Loading class sun/awt/Win32GraphicsConfig done
Event: 1053.124 Loading class java/awt/Rectangle
Event: 1053.125 Loading class java/awt/Shape
Event: 1053.125 Loading class java/awt/Shape done
Event: 1053.125 Loading class java/awt/geom/Rectangle2D
Event: 1053.125 Loading class java/awt/geom/RectangularShape
Event: 1053.125 Loading class java/awt/geom/RectangularShape done
Event: 1053.125 Loading class java/awt/geom/Rectangle2D done
Event: 1053.125 Loading class java/awt/Rectangle done
Event: 1053.824 Loading class java/util/ArrayList$ListItr
Event: 1053.824 Loading class java/util/ArrayList$ListItr done

Classes unloaded (0 events):
No events

Classes redefined (0 events):
No events

Internal exceptions (3 events):
Event: 0.497 Thread 0x000002a94afe2730 Exception <a 'java/lang/ClassNotFoundException'{0x000000071441d9e0}: sun/awt/resources/spi/awtProvider> (0x000000071441d9e0) 
thrown [s\src\hotspot\share\classfile\systemDictionary.cpp, line 312]
Event: 0.529 Thread 0x000002a94afe2730 Exception <a 'java/io/FileNotFoundException'{0x0000000714480500}> (0x0000000714480500) 
thrown [s\src\hotspot\share\prims\jni.cpp, line 520]
Event: 0.533 Thread 0x000002a94afe2730 Exception <a 'java/io/FileNotFoundException'{0x00000007144aad70}> (0x00000007144aad70) 
thrown [s\src\hotspot\share\prims\jni.cpp, line 520]

ZGC Phase Switch (0 events):
No events

VM Operations (20 events):
Event: 1.637 Executing VM operation: HandshakeAllThreads (Deoptimize)
Event: 1.637 Executing VM operation: HandshakeAllThreads (Deoptimize) done
Event: 60.247 Executing VM operation: HandshakeAllThreads (HandshakeForDeflation)
Event: 60.247 Executing VM operation: HandshakeAllThreads (HandshakeForDeflation) done
Event: 60.247 Executing VM operation: RendezvousGCThreads
Event: 60.247 Executing VM operation: RendezvousGCThreads done
Event: 494.375 Executing VM operation: HandshakeAllThreads (HandshakeForDeflation)
Event: 494.375 Executing VM operation: HandshakeAllThreads (HandshakeForDeflation) done
Event: 494.375 Executing VM operation: RendezvousGCThreads
Event: 494.375 Executing VM operation: RendezvousGCThreads done
Event: 554.428 Executing VM operation: HandshakeAllThreads (HandshakeForDeflation)
Event: 554.428 Executing VM operation: HandshakeAllThreads (HandshakeForDeflation) done
Event: 554.428 Executing VM operation: RendezvousGCThreads
Event: 554.428 Executing VM operation: RendezvousGCThreads done
Event: 674.634 Executing VM operation: HandshakeAllThreads (HandshakeForDeflation)
Event: 674.634 Executing VM operation: HandshakeAllThreads (HandshakeForDeflation) done
Event: 674.634 Executing VM operation: RendezvousGCThreads
Event: 674.634 Executing VM operation: RendezvousGCThreads done
Event: 1052.915 Executing VM operation: Cleanup
Event: 1052.915 Executing VM operation: Cleanup done

Memory protections (0 events):
No events

Nmethod flushes (0 events):
No events

Events (20 events):
Event: 0.579 Thread 0x000002a94afe2730 Thread added: 0x000002a96d6749f0
Event: 0.626 Thread 0x000002a94afe2730 Thread added: 0x000002a96d67bdb0
Event: 0.626 Thread 0x000002a94afe2730 Thread added: 0x000002a96d67c420
Event: 0.626 Thread 0x000002a94afe2730 Thread exited: 0x000002a94afe2730
Event: 0.626 Thread 0x000002a94afe2730 Thread added: 0x000002a94afe2730
Event: 0.642 Thread 0x000002a96d16b5e0 Thread exited: 0x000002a96d16b5e0
Event: 1.638 Thread 0x000002a96d63e460 Thread exited: 0x000002a96d63e460
Event: 5.649 Thread 0x000002a96d16af10 Thread exited: 0x000002a96d16af10
Event: 461.490 Thread 0x000002a96d6749f0 Thread added: 0x000002a96d35fc50
Event: 462.507 Thread 0x000002a96d35fc50 Thread exited: 0x000002a96d35fc50
Event: 483.366 Thread 0x000002a96d6749f0 Thread added: 0x000002a96d35fc50
Event: 484.383 Thread 0x000002a96d35fc50 Thread exited: 0x000002a96d35fc50
Event: 522.379 Thread 0x000002a96d6749f0 Thread added: 0x000002a96d35fc50
Event: 523.427 Thread 0x000002a96d35fc50 Thread exited: 0x000002a96d35fc50
Event: 646.147 Thread 0x000002a96d6749f0 Thread added: 0x000002a96d63e460
Event: 647.158 Thread 0x000002a96d63e460 Thread exited: 0x000002a96d63e460
Event: 667.712 Thread 0x000002a96d6749f0 Thread added: 0x000002a96d35fc50
Event: 668.728 Thread 0x000002a96d35fc50 Thread exited: 0x000002a96d35fc50
Event: 1052.035 Thread 0x000002a96d6749f0 Thread added: 0x000002a96d63e460
Event: 1052.133 Thread 0x000002a96d6749f0 Thread added: 0x000002a96d35fc50


Dynamic libraries:
0x00007ff685900000 - 0x00007ff68590e000 	C:\Program Files\BlueJ\jdk\bin\java.exe
0x00007ff913480000 - 0x00007ff9136e3000 	C:\WINDOWS\SYSTEM32\ntdll.dll
0x00007ff8e0750000 - 0x00007ff8e076a000 	C:\Program Files\Avast Software\Avast\aswhook.dll
0x00007ff913100000 - 0x00007ff9131c8000 	C:\WINDOWS\System32\KERNEL32.DLL
0x00007ff910cf0000 - 0x00007ff9110a2000 	C:\WINDOWS\System32\KERNELBASE.dll
0x00007ff910a20000 - 0x00007ff910b6b000 	C:\WINDOWS\System32\ucrtbase.dll
0x00007ff8ffda0000 - 0x00007ff8ffdb8000 	C:\Program Files\BlueJ\jdk\bin\jli.dll
0x00007ff90d1c0000 - 0x00007ff90d1db000 	C:\Program Files\BlueJ\jdk\bin\VCRUNTIME140.dll
0x00007ff912a80000 - 0x00007ff912c48000 	C:\WINDOWS\System32\USER32.dll
0x00007ff910cc0000 - 0x00007ff910ce7000 	C:\WINDOWS\System32\win32u.dll
0x00007ff902ce0000 - 0x00007ff902f70000 	C:\WINDOWS\WinSxS\amd64_microsoft.windows.common-controls_6595b64144ccf1df_6.0.26100.2454_none_3e0b68a2e331ad60\COMCTL32.dll
0x00007ff911e90000 - 0x00007ff911eba000 	C:\WINDOWS\System32\GDI32.dll
0x00007ff911410000 - 0x00007ff9114b9000 	C:\WINDOWS\System32\msvcrt.dll
0x00007ff9108f0000 - 0x00007ff910a1b000 	C:\WINDOWS\System32\gdi32full.dll
0x00007ff9110b0000 - 0x00007ff911153000 	C:\WINDOWS\System32\msvcp_win.dll
0x00007ff911e50000 - 0x00007ff911e7f000 	C:\WINDOWS\System32\IMM32.DLL
0x00007ff9032f0000 - 0x00007ff9032fc000 	C:\Program Files\BlueJ\jdk\bin\vcruntime140_1.dll
0x00007ff8d9e70000 - 0x00007ff8d9efe000 	C:\Program Files\BlueJ\jdk\bin\msvcp140.dll
0x00007ff8b4a90000 - 0x00007ff8b5818000 	C:\Program Files\BlueJ\jdk\bin\server\jvm.dll
0x00007ff9112e0000 - 0x00007ff911394000 	C:\WINDOWS\System32\ADVAPI32.dll
0x00007ff911d90000 - 0x00007ff911e36000 	C:\WINDOWS\System32\sechost.dll
0x00007ff912c50000 - 0x00007ff912d66000 	C:\WINDOWS\System32\RPCRT4.dll
0x00007ff911f60000 - 0x00007ff911fd4000 	C:\WINDOWS\System32\WS2_32.dll
0x00007ff90f4e0000 - 0x00007ff90f52e000 	C:\WINDOWS\SYSTEM32\POWRPROF.dll
0x00007ff904670000 - 0x00007ff9046a6000 	C:\WINDOWS\SYSTEM32\WINMM.dll
0x00007ff90cce0000 - 0x00007ff90cceb000 	C:\WINDOWS\SYSTEM32\VERSION.dll
0x00007ff90f4c0000 - 0x00007ff90f4d4000 	C:\WINDOWS\SYSTEM32\UMPDC.dll
0x00007ff90f7a0000 - 0x00007ff90f7ba000 	C:\WINDOWS\SYSTEM32\kernel.appcore.dll
0x00007ff902c60000 - 0x00007ff902c6a000 	C:\Program Files\BlueJ\jdk\bin\jimage.dll
0x00007ff90df00000 - 0x00007ff90e141000 	C:\WINDOWS\SYSTEM32\DBGHELP.DLL
0x00007ff912d70000 - 0x00007ff9130ee000 	C:\WINDOWS\System32\combase.dll
0x00007ff912970000 - 0x00007ff912a46000 	C:\WINDOWS\System32\OLEAUT32.dll
0x00007ff8fa9f0000 - 0x00007ff8faa29000 	C:\WINDOWS\SYSTEM32\dbgcore.DLL
0x00007ff910850000 - 0x00007ff9108e9000 	C:\WINDOWS\System32\bcryptPrimitives.dll
0x00007ff8da740000 - 0x00007ff8da77c000 	C:\Program Files\BlueJ\jdk\bin\jdwp.dll
0x00007ff8fdae0000 - 0x00007ff8fdaff000 	C:\Program Files\BlueJ\jdk\bin\java.dll
0x00007ff911fe0000 - 0x00007ff9126e1000 	C:\WINDOWS\System32\SHELL32.dll
0x00007ff90e550000 - 0x00007ff90ed81000 	C:\WINDOWS\SYSTEM32\windows.storage.dll
0x00007ff9126f0000 - 0x00007ff9127ca000 	C:\WINDOWS\System32\SHCORE.dll
0x00007ff9113a0000 - 0x00007ff9113fd000 	C:\WINDOWS\System32\shlwapi.dll
0x00007ff910760000 - 0x00007ff91078e000 	C:\WINDOWS\SYSTEM32\profapi.dll
0x00007ff8c46b0000 - 0x00007ff8c4787000 	C:\Program Files\BlueJ\jdk\bin\jsvml.dll
0x00007ff8fb720000 - 0x00007ff8fb72b000 	C:\Program Files\BlueJ\jdk\bin\dt_shmem.dll
0x00007ff901dd0000 - 0x00007ff901de0000 	C:\Program Files\BlueJ\jdk\bin\net.dll
0x00007ff9017c0000 - 0x00007ff9018e6000 	C:\WINDOWS\SYSTEM32\WINHTTP.dll
0x00007ff90fca0000 - 0x00007ff90fd08000 	C:\WINDOWS\system32\mswsock.dll
0x00007ff8fd1e0000 - 0x00007ff8fd1f6000 	C:\Program Files\BlueJ\jdk\bin\nio.dll
0x00007ff8fc5c0000 - 0x00007ff8fc5d8000 	C:\Program Files\BlueJ\jdk\bin\zip.dll
0x00007ff8bb9d0000 - 0x00007ff8bbb5e000 	C:\Program Files\BlueJ\jdk\bin\awt.dll
0x00007ff90cd20000 - 0x00007ff90cdbc000 	C:\WINDOWS\SYSTEM32\apphelp.dll
0x00007ff90d990000 - 0x00007ff90da3d000 	C:\WINDOWS\system32\uxtheme.dll
0x00007ff8ba950000 - 0x00007ff8baa83000 	C:\ProgramData\A-Volute\A-Volute.Nahimic\Modules\Scheduled\x64\AudioDevProps2.dll
0x00007ff9127d0000 - 0x00007ff912969000 	C:\WINDOWS\System32\ole32.dll
0x00007ff9114c0000 - 0x00007ff91161c000 	C:\WINDOWS\System32\MSCTF.dll
0x00007ff90dc90000 - 0x00007ff90dcbe000 	C:\WINDOWS\system32\DWMAPI.DLL
0x00007ff8f8c90000 - 0x00007ff8f8d9c000 	C:\WINDOWS\system32\opengl32.dll
0x00007ff8fc720000 - 0x00007ff8fc74d000 	C:\WINDOWS\SYSTEM32\GLU32.dll
0x00007ff90da70000 - 0x00007ff90dab7000 	C:\WINDOWS\SYSTEM32\dxcore.dll

dbghelp: loaded successfully - version: 4.0.5 - missing functions: none
symbol engine: initialized successfully - sym options: 0x614 - pdb path: .;C:\Program Files\BlueJ\jdk\bin;C:\WINDOWS\SYSTEM32;C:\Program Files\Avast Software\Avast;C:\WINDOWS\WinSxS\amd64_microsoft.windows.common-controls_6595b64144ccf1df_6.0.26100.2454_none_3e0b68a2e331ad60;C:\Program Files\BlueJ\jdk\bin\server;C:\ProgramData\A-Volute\A-Volute.Nahimic\Modules\Scheduled\x64

VM Arguments:
jvm_args: -ea -agentlib:jdwp=transport=dt_shmem,address=javadebug -Dfile.encoding=UTF-8 
java_command: bluej.runtime.ExecServer UTF-8
java_class_path (initial): C:\Program Files\BlueJ\lib\bluejcore.jar;C:\Program Files\BlueJ\lib\javafx-base-21.0.3-win.jar;C:\Program Files\BlueJ\lib\javafx-controls-21.0.3-win.jar;C:\Program Files\BlueJ\lib\javafx-fxml-21.0.3-win.jar;C:\Program Files\BlueJ\lib\javafx-graphics-21.0.3-win.jar;C:\Program Files\BlueJ\lib\javafx-media-21.0.3-win.jar;C:\Program Files\BlueJ\lib\javafx-swing-21.0.3-win.jar;C:\Program Files\BlueJ\lib\javafx-web-21.0.3-win.jar;C:\Program Files\BlueJ\lib\junit-4.12.jar;C:\Program Files\BlueJ\lib\junit-jupiter-5.5.2.jar;C:\Program Files\BlueJ\lib\junit-jupiter-api-5.5.2.jar;C:\Program Files\BlueJ\lib\junit-jupiter-engine-5.5.2.jar;C:\Program Files\BlueJ\lib\junit-jupiter-params-5.5.2.jar;C:\Program Files\BlueJ\lib\junit-platform-commons-1.5.2.jar;C:\Program Files\BlueJ\lib\junit-platform-engine-1.5.2.jar;C:\Program Files\BlueJ\lib\junit-platform-launcher-1.5.2.jar;C:\Program Files\BlueJ\lib\junit-platform-suite-api-1.5.2.jar;C:\Program Files\BlueJ\lib\junit-vintage-engine-5.5.2.jar;C:\Program Files\BlueJ\lib\hamcrest-core-1.3.jar;C:\Program Files\BlueJ\lib\opentest4j-1.2.0.jar;C:\Program Files\BlueJ\lib\lang-stride.jar;C:\Program Files\BlueJ\lib\javafx\javafx.base.jar;C:\Program Files\BlueJ\lib\javafx\javafx.controls.jar;C:\Program Files\BlueJ\lib\javafx\javafx.fxml.jar;C:\Program Files\BlueJ\lib\javafx\javafx.graphics.jar;C:\Program Files\BlueJ\lib\javafx\javafx.media.jar;C:\Program Files\BlueJ\lib\javafx\javafx.properties.jar;C:\Program Files\BlueJ\lib\javafx\javafx.swing.jar;C:\Program Files\BlueJ\lib\javafx\javafx.web.jar
Launcher Type: SUN_STANDARD

[Global flags]
     intx CICompilerCount                          = 12                                        {product} {ergonomic}
     uint ConcGCThreads                            = 3                                         {product} {ergonomic}
     uint G1ConcRefinementThreads                  = 13                                        {product} {ergonomic}
   size_t G1HeapRegionSize                         = 2097152                                   {product} {ergonomic}
    uintx GCDrainStackTargetSize                   = 64                                        {product} {ergonomic}
   size_t InitialHeapSize                          = 264241152                                 {product} {ergonomic}
   size_t MarkStackSize                            = 4194304                                   {product} {ergonomic}
   size_t MaxHeapSize                              = 4213178368                                {product} {ergonomic}
   size_t MaxNewSize                               = 2527068160                                {product} {ergonomic}
   size_t MinHeapDeltaBytes                        = 2097152                                   {product} {ergonomic}
   size_t MinHeapSize                              = 8388608                                   {product} {ergonomic}
    uintx NonNMethodCodeHeapSize                   = 7602480                                {pd product} {ergonomic}
    uintx NonProfiledCodeHeapSize                  = 122027880                              {pd product} {ergonomic}
    uintx ProfiledCodeHeapSize                     = 122027880                              {pd product} {ergonomic}
    uintx ReservedCodeCacheSize                    = 251658240                              {pd product} {ergonomic}
     bool SegmentedCodeCache                       = true                                      {product} {ergonomic}
   size_t SoftMaxHeapSize                          = 4213178368                             {manageable} {ergonomic}
     bool UseCompressedOops                        = true                           {product lp64_product} {ergonomic}
     bool UseG1GC                                  = true                                      {product} {ergonomic}
     bool UseLargePagesIndividualAllocation        = false                                  {pd product} {ergonomic}

Logging:
Log output configuration:
 #0: stdout all=warning uptime,level,tags foldmultilines=false
 #1: stderr all=off uptime,level,tags foldmultilines=false

Environment Variables:
PATH=C:\Program Files\Common Files\Oracle\Java\javapath;C:\WINDOWS\system32;C:\WINDOWS;C:\WINDOWS\System32\Wbem;C:\WINDOWS\System32\WindowsPowerShell\v1.0\;C:\WINDOWS\System32\OpenSSH\;C:\Program Files (x86)\NVIDIA Corporation\PhysX\Common;C:\Program Files\NVIDIA Corporation\NVIDIA NvDLISR;C:\Users\Lenovo\AppData\Local\Programs\Python\Python313\Scripts\;C:\Users\Lenovo\AppData\Local\Programs\Python\Python313\;C:\Users\Lenovo\AppData\Local\Microsoft\WindowsApps;C:\Users\Lenovo\AppData\Local\Programs\Microsoft VS Code\bin;
USERNAME=Lenovo
OS=Windows_NT
PROCESSOR_IDENTIFIER=AMD64 Family 25 Model 68 Stepping 1, AuthenticAMD
TMP=C:\Users\Lenovo\AppData\Local\Temp
TEMP=C:\Users\Lenovo\AppData\Local\Temp




Periodic native trim disabled

---------------  S Y S T E M  ---------------

OS:
 Windows 11 , 64 bit Build 26100 (10.0.26100.2454)
OS uptime: 13 days 19:46 hours
Hyper-V role detected

CPU: total 16 (initial active 16) (16 cores per cpu, 2 threads per core) family 25 model 68 stepping 1 microcode 0xa404105, cx8, cmov, fxsr, ht, mmx, 3dnowpref, sse, sse2, sse3, ssse3, sse4a, sse4.1, sse4.2, popcnt, lzcnt, tsc, tscinvbit, avx, avx2, aes, erms, clmul, bmi1, bmi2, adx, sha, fma, vzeroupper, clflush, clflushopt, hv, rdtscp, rdpid, fsrm, f16c, cet_ss
Processor Information for processor 0
  Max Mhz: 3100, Current Mhz: 3100, Mhz Limit: 3100
Processor Information for processor 1
  Max Mhz: 3100, Current Mhz: 3100, Mhz Limit: 3100
Processor Information for processor 2
  Max Mhz: 3100, Current Mhz: 3100, Mhz Limit: 3100
Processor Information for processor 3
  Max Mhz: 3100, Current Mhz: 3100, Mhz Limit: 3100
Processor Information for processor 4
  Max Mhz: 3100, Current Mhz: 2469, Mhz Limit: 3100
Processor Information for processor 5
  Max Mhz: 3100, Current Mhz: 2469, Mhz Limit: 3100
Processor Information for processor 6
  Max Mhz: 3100, Current Mhz: 3100, Mhz Limit: 3100
Processor Information for processor 7
  Max Mhz: 3100, Current Mhz: 3100, Mhz Limit: 3100
Processor Information for processor 8
  Max Mhz: 3100, Current Mhz: 3100, Mhz Limit: 3100
Processor Information for processor 9
  Max Mhz: 3100, Current Mhz: 3100, Mhz Limit: 3100
Processor Information for processor 10
  Max Mhz: 3100, Current Mhz: 3100, Mhz Limit: 3100
Processor Information for processor 11
  Max Mhz: 3100, Current Mhz: 3100, Mhz Limit: 3100
Processor Information for processor 12
  Max Mhz: 3100, Current Mhz: 3100, Mhz Limit: 3100
Processor Information for processor 13
  Max Mhz: 3100, Current Mhz: 2469, Mhz Limit: 3100
Processor Information for processor 14
  Max Mhz: 3100, Current Mhz: 2469, Mhz Limit: 3100
Processor Information for processor 15
  Max Mhz: 3100, Current Mhz: 2469, Mhz Limit: 3100

Memory: 4k page, system-wide physical 16068M (6430M free)
TotalPageFile size 18500M (AvailPageFile size 7367M)
current process WorkingSet (physical memory assigned to process): 50M, peak: 50M
current process commit charge ("private bytes"): 353M, peak: 353M

vm_info: OpenJDK 64-Bit Server VM (21.0.4+7-LTS) for windows-amd64 JRE (21.0.4+7-LTS), built on 2024-07-16T00:00:00Z by "admin" with MS VC++ 17.7 (VS2022)

END.
